\BOOKMARK [0][-]{chapter.1}{\376\377\000O\000W\000L\000-\000P\000H\000P\000\040\000M\000o\000d\000u\000l\000e\000\040\000I\000n\000d\000e\000x}{}
\BOOKMARK [1][-]{section.1.1}{\376\377\000O\000W\000L\000-\000P\000H\000P\000\040\000M\000o\000d\000u\000l\000e\000s}{chapter.1}
\BOOKMARK [0][-]{chapter.2}{\376\377\000O\000W\000L\000-\000P\000H\000P\000\040\000H\000i\000e\000r\000a\000r\000c\000h\000i\000c\000a\000l\000\040\000I\000n\000d\000e\000x}{}
\BOOKMARK [1][-]{section.2.1}{\376\377\000O\000W\000L\000-\000P\000H\000P\000\040\000C\000l\000a\000s\000s\000\040\000H\000i\000e\000r\000a\000r\000c\000h\000y}{chapter.2}
\BOOKMARK [0][-]{chapter.3}{\376\377\000O\000W\000L\000-\000P\000H\000P\000\040\000C\000l\000a\000s\000s\000\040\000I\000n\000d\000e\000x}{}
\BOOKMARK [1][-]{section.3.1}{\376\377\000O\000W\000L\000-\000P\000H\000P\000\040\000C\000l\000a\000s\000s\000\040\000L\000i\000s\000t}{chapter.3}
\BOOKMARK [0][-]{chapter.4}{\376\377\000O\000W\000L\000-\000P\000H\000P\000\040\000F\000i\000l\000e\000\040\000I\000n\000d\000e\000x}{}
\BOOKMARK [1][-]{section.4.1}{\376\377\000O\000W\000L\000-\000P\000H\000P\000\040\000F\000i\000l\000e\000\040\000L\000i\000s\000t}{chapter.4}
\BOOKMARK [0][-]{chapter.5}{\376\377\000O\000W\000L\000-\000P\000H\000P\000\040\000M\000o\000d\000u\000l\000e\000\040\000D\000o\000c\000u\000m\000e\000n\000t\000a\000t\000i\000o\000n}{}
\BOOKMARK [1][-]{section.5.1}{\376\377\000P\000r\000e\000s\000e\000n\000t\000a\000t\000i\000o\000n\000\040\000m\000o\000d\000u\000l\000e\000s}{chapter.5}
\BOOKMARK [1][-]{section.5.2}{\376\377\000B\000u\000s\000i\000n\000e\000s\000s\000\040\000O\000b\000j\000e\000c\000t\000\040\000m\000o\000d\000u\000l\000e\000s}{chapter.5}
\BOOKMARK [1][-]{section.5.3}{\376\377\000S\000t\000o\000r\000a\000g\000e\000\040\000O\000b\000j\000e\000c\000t\000\040\000m\000o\000d\000u\000l\000e\000s}{chapter.5}
\BOOKMARK [1][-]{section.5.4}{\376\377\000L\000i\000b\000r\000a\000r\000y\000\040\000\050\000c\000o\000d\000e\000s\000,\000\040\000m\000e\000s\000s\000a\000g\000e\000s\000\040\000f\000i\000l\000e\000s\000\040\000e\000t\000c\000.\000\051}{chapter.5}
\BOOKMARK [0][-]{chapter.6}{\376\377\000O\000W\000L\000-\000P\000H\000P\000\040\000C\000l\000a\000s\000s\000\040\000D\000o\000c\000u\000m\000e\000n\000t\000a\000t\000i\000o\000n}{}
\BOOKMARK [1][-]{section.6.1}{\376\377\000\137\000O\000W\000L\000\040\000C\000l\000a\000s\000s\000\040\000R\000e\000f\000e\000r\000e\000n\000c\000e}{chapter.6}
\BOOKMARK [1][-]{section.6.2}{\376\377\000C\000o\000n\000f\000i\000g\000H\000a\000n\000d\000l\000e\000r\000\040\000C\000l\000a\000s\000s\000\040\000R\000e\000f\000e\000r\000e\000n\000c\000e}{chapter.6}
\BOOKMARK [1][-]{section.6.3}{\376\377\000D\000a\000t\000a\000H\000a\000n\000d\000l\000e\000r\000\040\000C\000l\000a\000s\000s\000\040\000R\000e\000f\000e\000r\000e\000n\000c\000e}{chapter.6}
\BOOKMARK [1][-]{section.6.4}{\376\377\000D\000b\000H\000a\000n\000d\000l\000e\000r\000\040\000C\000l\000a\000s\000s\000\040\000R\000e\000f\000e\000r\000e\000n\000c\000e}{chapter.6}
\BOOKMARK [1][-]{section.6.5}{\376\377\000D\000O\000M\000E\000l\000e\000m\000e\000n\000t\000\040\000C\000l\000a\000s\000s\000\040\000R\000e\000f\000e\000r\000e\000n\000c\000e}{chapter.6}
\BOOKMARK [1][-]{section.6.6}{\376\377\000F\000i\000l\000e\000H\000a\000n\000d\000l\000e\000r\000\040\000C\000l\000a\000s\000s\000\040\000R\000e\000f\000e\000r\000e\000n\000c\000e}{chapter.6}
\BOOKMARK [1][-]{section.6.7}{\376\377\000F\000o\000r\000m\000\040\000C\000l\000a\000s\000s\000\040\000R\000e\000f\000e\000r\000e\000n\000c\000e}{chapter.6}
\BOOKMARK [1][-]{section.6.8}{\376\377\000F\000o\000r\000m\000E\000l\000e\000m\000e\000n\000t\000\040\000C\000l\000a\000s\000s\000\040\000R\000e\000f\000e\000r\000e\000n\000c\000e}{chapter.6}
\BOOKMARK [1][-]{section.6.9}{\376\377\000F\000o\000r\000m\000H\000a\000n\000d\000l\000e\000r\000\040\000C\000l\000a\000s\000s\000\040\000R\000e\000f\000e\000r\000e\000n\000c\000e}{chapter.6}
\BOOKMARK [1][-]{section.6.10}{\376\377\000L\000o\000g\000H\000a\000n\000d\000l\000e\000r\000\040\000C\000l\000a\000s\000s\000\040\000R\000e\000f\000e\000r\000e\000n\000c\000e}{chapter.6}
\BOOKMARK [1][-]{section.6.11}{\376\377\000O\000W\000L\000\040\000C\000l\000a\000s\000s\000\040\000R\000e\000f\000e\000r\000e\000n\000c\000e}{chapter.6}
\BOOKMARK [1][-]{section.6.12}{\376\377\000O\000W\000L\000E\000x\000c\000e\000p\000t\000i\000o\000n\000\040\000C\000l\000a\000s\000s\000\040\000R\000e\000f\000e\000r\000e\000n\000c\000e}{chapter.6}
\BOOKMARK [1][-]{section.6.13}{\376\377\000O\000W\000L\000E\000x\000c\000e\000p\000t\000i\000o\000n\000H\000a\000n\000d\000l\000e\000r\000\040\000C\000l\000a\000s\000s\000\040\000R\000e\000f\000e\000r\000e\000n\000c\000e}{chapter.6}
\BOOKMARK [1][-]{section.6.14}{\376\377\000R\000e\000g\000i\000s\000t\000e\000r\000\040\000C\000l\000a\000s\000s\000\040\000R\000e\000f\000e\000r\000e\000n\000c\000e}{chapter.6}
\BOOKMARK [1][-]{section.6.15}{\376\377\000S\000e\000s\000s\000i\000o\000n\000\040\000C\000l\000a\000s\000s\000\040\000R\000e\000f\000e\000r\000e\000n\000c\000e}{chapter.6}
\BOOKMARK [1][-]{section.6.16}{\376\377\000S\000e\000s\000s\000i\000o\000n\000H\000a\000n\000d\000l\000e\000r\000\040\000C\000l\000a\000s\000s\000\040\000R\000e\000f\000e\000r\000e\000n\000c\000e}{chapter.6}
\BOOKMARK [1][-]{section.6.17}{\376\377\000S\000t\000a\000t\000u\000s\000H\000a\000n\000d\000l\000e\000r\000\040\000C\000l\000a\000s\000s\000\040\000R\000e\000f\000e\000r\000e\000n\000c\000e}{chapter.6}
\BOOKMARK [1][-]{section.6.18}{\376\377\000U\000s\000e\000r\000\040\000C\000l\000a\000s\000s\000\040\000R\000e\000f\000e\000r\000e\000n\000c\000e}{chapter.6}
\BOOKMARK [1][-]{section.6.19}{\376\377\000U\000s\000e\000r\000H\000a\000n\000d\000l\000e\000r\000\040\000C\000l\000a\000s\000s\000\040\000R\000e\000f\000e\000r\000e\000n\000c\000e}{chapter.6}
\BOOKMARK [0][-]{chapter.7}{\376\377\000O\000W\000L\000-\000P\000H\000P\000\040\000F\000i\000l\000e\000\040\000D\000o\000c\000u\000m\000e\000n\000t\000a\000t\000i\000o\000n}{}
\BOOKMARK [1][-]{section.7.1}{\376\377\000/\000h\000o\000m\000e\000/\000o\000s\000c\000a\000r\000/\000w\000o\000r\000k\000/\000e\000c\000l\000i\000p\000s\000e\000/\000o\000w\000l\000-\000p\000h\000p\000/\000s\000r\000c\000/\000c\000o\000n\000f\000i\000g\000.\000p\000h\000p\000\040\000F\000i\000l\000e\000\040\000R\000e\000f\000e\000r\000e\000n\000c\000e}{chapter.7}
\BOOKMARK [1][-]{section.7.2}{\376\377\000/\000h\000o\000m\000e\000/\000o\000s\000c\000a\000r\000/\000w\000o\000r\000k\000/\000e\000c\000l\000i\000p\000s\000e\000/\000o\000w\000l\000-\000p\000h\000p\000/\000s\000r\000c\000/\000i\000n\000d\000e\000x\000.\000p\000h\000p\000\040\000F\000i\000l\000e\000\040\000R\000e\000f\000e\000r\000e\000n\000c\000e}{chapter.7}
\BOOKMARK [1][-]{section.7.3}{\376\377\000/\000h\000o\000m\000e\000/\000o\000s\000c\000a\000r\000/\000w\000o\000r\000k\000/\000e\000c\000l\000i\000p\000s\000e\000/\000o\000w\000l\000-\000p\000h\000p\000/\000s\000r\000c\000/\000k\000e\000r\000n\000e\000l\000/\000b\000o\000/\000c\000l\000a\000s\000s\000.\000f\000o\000r\000m\000.\000p\000h\000p\000\040\000F\000i\000l\000e\000\040\000R\000e\000f\000e\000r\000e\000n\000c\000e}{chapter.7}
\BOOKMARK [1][-]{section.7.4}{\376\377\000/\000h\000o\000m\000e\000/\000o\000s\000c\000a\000r\000/\000w\000o\000r\000k\000/\000e\000c\000l\000i\000p\000s\000e\000/\000o\000w\000l\000-\000p\000h\000p\000/\000s\000r\000c\000/\000k\000e\000r\000n\000e\000l\000/\000b\000o\000/\000c\000l\000a\000s\000s\000.\000s\000e\000s\000s\000i\000o\000n\000.\000p\000h\000p\000\040\000F\000i\000l\000e\000\040\000R\000e\000f\000e\000r\000e\000n\000c\000e}{chapter.7}
\BOOKMARK [1][-]{section.7.5}{\376\377\000/\000h\000o\000m\000e\000/\000o\000s\000c\000a\000r\000/\000w\000o\000r\000k\000/\000e\000c\000l\000i\000p\000s\000e\000/\000o\000w\000l\000-\000p\000h\000p\000/\000s\000r\000c\000/\000k\000e\000r\000n\000e\000l\000/\000b\000o\000/\000c\000l\000a\000s\000s\000.\000u\000s\000e\000r\000.\000p\000h\000p\000\040\000F\000i\000l\000e\000\040\000R\000e\000f\000e\000r\000e\000n\000c\000e}{chapter.7}
\BOOKMARK [1][-]{section.7.6}{\376\377\000/\000h\000o\000m\000e\000/\000o\000s\000c\000a\000r\000/\000w\000o\000r\000k\000/\000e\000c\000l\000i\000p\000s\000e\000/\000o\000w\000l\000-\000p\000h\000p\000/\000s\000r\000c\000/\000k\000e\000r\000n\000e\000l\000/\000c\000l\000a\000s\000s\000.\000\137\000O\000W\000L\000.\000p\000h\000p\000\040\000F\000i\000l\000e\000\040\000R\000e\000f\000e\000r\000e\000n\000c\000e}{chapter.7}
\BOOKMARK [1][-]{section.7.7}{\376\377\000/\000h\000o\000m\000e\000/\000o\000s\000c\000a\000r\000/\000w\000o\000r\000k\000/\000e\000c\000l\000i\000p\000s\000e\000/\000o\000w\000l\000-\000p\000h\000p\000/\000s\000r\000c\000/\000k\000e\000r\000n\000e\000l\000/\000s\000o\000/\000c\000l\000a\000s\000s\000.\000c\000o\000n\000f\000i\000g\000h\000a\000n\000d\000l\000e\000r\000.\000p\000h\000p\000\040\000F\000i\000l\000e\000\040\000R\000e\000f\000e\000r\000e\000n\000c\000e}{chapter.7}
\BOOKMARK [1][-]{section.7.8}{\376\377\000/\000h\000o\000m\000e\000/\000o\000s\000c\000a\000r\000/\000w\000o\000r\000k\000/\000e\000c\000l\000i\000p\000s\000e\000/\000o\000w\000l\000-\000p\000h\000p\000/\000s\000r\000c\000/\000k\000e\000r\000n\000e\000l\000/\000s\000o\000/\000c\000l\000a\000s\000s\000.\000d\000a\000t\000a\000h\000a\000n\000d\000l\000e\000r\000.\000p\000h\000p\000\040\000F\000i\000l\000e\000\040\000R\000e\000f\000e\000r\000e\000n\000c\000e}{chapter.7}
\BOOKMARK [1][-]{section.7.9}{\376\377\000/\000h\000o\000m\000e\000/\000o\000s\000c\000a\000r\000/\000w\000o\000r\000k\000/\000e\000c\000l\000i\000p\000s\000e\000/\000o\000w\000l\000-\000p\000h\000p\000/\000s\000r\000c\000/\000k\000e\000r\000n\000e\000l\000/\000s\000o\000/\000c\000l\000a\000s\000s\000.\000d\000b\000h\000a\000n\000d\000l\000e\000r\000.\000p\000h\000p\000\040\000F\000i\000l\000e\000\040\000R\000e\000f\000e\000r\000e\000n\000c\000e}{chapter.7}
\BOOKMARK [1][-]{section.7.10}{\376\377\000/\000h\000o\000m\000e\000/\000o\000s\000c\000a\000r\000/\000w\000o\000r\000k\000/\000e\000c\000l\000i\000p\000s\000e\000/\000o\000w\000l\000-\000p\000h\000p\000/\000s\000r\000c\000/\000k\000e\000r\000n\000e\000l\000/\000s\000o\000/\000c\000l\000a\000s\000s\000.\000e\000x\000c\000e\000p\000t\000i\000o\000n\000h\000a\000n\000d\000l\000e\000r\000.\000p\000h\000p\000\040\000F\000i\000l\000e\000\040\000R\000e\000f\000e\000r\000e\000n\000c\000e}{chapter.7}
\BOOKMARK [1][-]{section.7.11}{\376\377\000/\000h\000o\000m\000e\000/\000o\000s\000c\000a\000r\000/\000w\000o\000r\000k\000/\000e\000c\000l\000i\000p\000s\000e\000/\000o\000w\000l\000-\000p\000h\000p\000/\000s\000r\000c\000/\000k\000e\000r\000n\000e\000l\000/\000s\000o\000/\000c\000l\000a\000s\000s\000.\000f\000i\000l\000e\000h\000a\000n\000d\000l\000e\000r\000.\000p\000h\000p\000\040\000F\000i\000l\000e\000\040\000R\000e\000f\000e\000r\000e\000n\000c\000e}{chapter.7}
\BOOKMARK [1][-]{section.7.12}{\376\377\000/\000h\000o\000m\000e\000/\000o\000s\000c\000a\000r\000/\000w\000o\000r\000k\000/\000e\000c\000l\000i\000p\000s\000e\000/\000o\000w\000l\000-\000p\000h\000p\000/\000s\000r\000c\000/\000k\000e\000r\000n\000e\000l\000/\000s\000o\000/\000c\000l\000a\000s\000s\000.\000f\000o\000r\000m\000h\000a\000n\000d\000l\000e\000r\000.\000p\000h\000p\000\040\000F\000i\000l\000e\000\040\000R\000e\000f\000e\000r\000e\000n\000c\000e}{chapter.7}
\BOOKMARK [1][-]{section.7.13}{\376\377\000/\000h\000o\000m\000e\000/\000o\000s\000c\000a\000r\000/\000w\000o\000r\000k\000/\000e\000c\000l\000i\000p\000s\000e\000/\000o\000w\000l\000-\000p\000h\000p\000/\000s\000r\000c\000/\000k\000e\000r\000n\000e\000l\000/\000s\000o\000/\000c\000l\000a\000s\000s\000.\000l\000o\000g\000h\000a\000n\000d\000l\000e\000r\000.\000p\000h\000p\000\040\000F\000i\000l\000e\000\040\000R\000e\000f\000e\000r\000e\000n\000c\000e}{chapter.7}
\BOOKMARK [1][-]{section.7.14}{\376\377\000/\000h\000o\000m\000e\000/\000o\000s\000c\000a\000r\000/\000w\000o\000r\000k\000/\000e\000c\000l\000i\000p\000s\000e\000/\000o\000w\000l\000-\000p\000h\000p\000/\000s\000r\000c\000/\000k\000e\000r\000n\000e\000l\000/\000s\000o\000/\000c\000l\000a\000s\000s\000.\000r\000e\000g\000i\000s\000t\000e\000r\000.\000p\000h\000p\000\040\000F\000i\000l\000e\000\040\000R\000e\000f\000e\000r\000e\000n\000c\000e}{chapter.7}
\BOOKMARK [1][-]{section.7.15}{\376\377\000/\000h\000o\000m\000e\000/\000o\000s\000c\000a\000r\000/\000w\000o\000r\000k\000/\000e\000c\000l\000i\000p\000s\000e\000/\000o\000w\000l\000-\000p\000h\000p\000/\000s\000r\000c\000/\000k\000e\000r\000n\000e\000l\000/\000s\000o\000/\000c\000l\000a\000s\000s\000.\000s\000e\000s\000s\000i\000o\000n\000h\000a\000n\000d\000l\000e\000r\000.\000p\000h\000p\000\040\000F\000i\000l\000e\000\040\000R\000e\000f\000e\000r\000e\000n\000c\000e}{chapter.7}
\BOOKMARK [1][-]{section.7.16}{\376\377\000/\000h\000o\000m\000e\000/\000o\000s\000c\000a\000r\000/\000w\000o\000r\000k\000/\000e\000c\000l\000i\000p\000s\000e\000/\000o\000w\000l\000-\000p\000h\000p\000/\000s\000r\000c\000/\000k\000e\000r\000n\000e\000l\000/\000s\000o\000/\000c\000l\000a\000s\000s\000.\000s\000t\000a\000t\000u\000s\000h\000a\000n\000d\000l\000e\000r\000.\000p\000h\000p\000\040\000F\000i\000l\000e\000\040\000R\000e\000f\000e\000r\000e\000n\000c\000e}{chapter.7}
\BOOKMARK [1][-]{section.7.17}{\376\377\000/\000h\000o\000m\000e\000/\000o\000s\000c\000a\000r\000/\000w\000o\000r\000k\000/\000e\000c\000l\000i\000p\000s\000e\000/\000o\000w\000l\000-\000p\000h\000p\000/\000s\000r\000c\000/\000k\000e\000r\000n\000e\000l\000/\000s\000o\000/\000c\000l\000a\000s\000s\000.\000u\000s\000e\000r\000h\000a\000n\000d\000l\000e\000r\000.\000p\000h\000p\000\040\000F\000i\000l\000e\000\040\000R\000e\000f\000e\000r\000e\000n\000c\000e}{chapter.7}
\BOOKMARK [1][-]{section.7.18}{\376\377\000/\000h\000o\000m\000e\000/\000o\000s\000c\000a\000r\000/\000w\000o\000r\000k\000/\000e\000c\000l\000i\000p\000s\000e\000/\000o\000w\000l\000-\000p\000h\000p\000/\000s\000r\000c\000/\000k\000e\000r\000n\000e\000l\000/\000u\000i\000/\000c\000l\000a\000s\000s\000.\000d\000o\000m\000e\000l\000e\000m\000e\000n\000t\000.\000p\000h\000p\000\040\000F\000i\000l\000e\000\040\000R\000e\000f\000e\000r\000e\000n\000c\000e}{chapter.7}
\BOOKMARK [1][-]{section.7.19}{\376\377\000/\000h\000o\000m\000e\000/\000o\000s\000c\000a\000r\000/\000w\000o\000r\000k\000/\000e\000c\000l\000i\000p\000s\000e\000/\000o\000w\000l\000-\000p\000h\000p\000/\000s\000r\000c\000/\000k\000e\000r\000n\000e\000l\000/\000u\000i\000/\000c\000l\000a\000s\000s\000.\000f\000o\000r\000m\000e\000l\000e\000m\000e\000n\000t\000.\000p\000h\000p\000\040\000F\000i\000l\000e\000\040\000R\000e\000f\000e\000r\000e\000n\000c\000e}{chapter.7}
\BOOKMARK [1][-]{section.7.20}{\376\377\000/\000h\000o\000m\000e\000/\000o\000s\000c\000a\000r\000/\000w\000o\000r\000k\000/\000e\000c\000l\000i\000p\000s\000e\000/\000o\000w\000l\000-\000p\000h\000p\000/\000s\000r\000c\000/\000l\000i\000b\000/\000o\000w\000l\000.\000m\000e\000s\000s\000a\000g\000e\000s\000.\000e\000n\000-\000u\000k\000.\000p\000h\000p\000\040\000F\000i\000l\000e\000\040\000R\000e\000f\000e\000r\000e\000n\000c\000e}{chapter.7}
\BOOKMARK [1][-]{section.7.21}{\376\377\000/\000h\000o\000m\000e\000/\000o\000s\000c\000a\000r\000/\000w\000o\000r\000k\000/\000e\000c\000l\000i\000p\000s\000e\000/\000o\000w\000l\000-\000p\000h\000p\000/\000s\000r\000c\000/\000l\000i\000b\000/\000o\000w\000l\000.\000m\000e\000s\000s\000a\000g\000e\000s\000.\000p\000h\000p\000\040\000F\000i\000l\000e\000\040\000R\000e\000f\000e\000r\000e\000n\000c\000e}{chapter.7}
\BOOKMARK [1][-]{section.7.22}{\376\377\000/\000h\000o\000m\000e\000/\000o\000s\000c\000a\000r\000/\000w\000o\000r\000k\000/\000e\000c\000l\000i\000p\000s\000e\000/\000o\000w\000l\000-\000p\000h\000p\000/\000s\000r\000c\000/\000l\000i\000b\000/\000o\000w\000l\000.\000s\000e\000v\000e\000r\000i\000t\000y\000c\000o\000d\000e\000s\000.\000p\000h\000p\000\040\000F\000i\000l\000e\000\040\000R\000e\000f\000e\000r\000e\000n\000c\000e}{chapter.7}
\BOOKMARK [1][-]{section.7.23}{\376\377\000/\000h\000o\000m\000e\000/\000o\000s\000c\000a\000r\000/\000w\000o\000r\000k\000/\000e\000c\000l\000i\000p\000s\000e\000/\000o\000w\000l\000-\000p\000h\000p\000/\000s\000r\000c\000/\000O\000W\000L\000l\000o\000a\000d\000e\000r\000.\000p\000h\000p\000\040\000F\000i\000l\000e\000\040\000R\000e\000f\000e\000r\000e\000n\000c\000e}{chapter.7}
\BOOKMARK [1][-]{section.7.24}{\376\377\000/\000h\000o\000m\000e\000/\000o\000s\000c\000a\000r\000/\000w\000o\000r\000k\000/\000e\000c\000l\000i\000p\000s\000e\000/\000o\000w\000l\000-\000p\000h\000p\000/\000s\000r\000c\000/\000O\000W\000L\000r\000u\000n\000d\000o\000w\000n\000.\000p\000h\000p\000\040\000F\000i\000l\000e\000\040\000R\000e\000f\000e\000r\000e\000n\000c\000e}{chapter.7}
